[2017-05-01 09:07:59,557]|[update_omx_cik.to_cik]|[INFO]|[tickers.symbol.cat]|ticker to cik
[2017-05-01 09:09:06,293]|[update_omx_cik.to_cik]|[INFO]|[tickers.symbol.cat]|ticker to cik
[2017-05-01 09:09:06,407]|[update_omx_cik.to_cik]|[INFO]|[COMPLETED]|0 out of 0
[2017-05-01 09:09:42,506]|[update_omx_cik.to_cik]|[INFO]|[tickers.symbol.cat]|ticker to cik
[2017-05-01 09:09:42,606]|[update_omx_cik.to_cik]|[INFO]|[COMPLETED]|0 out of 0
[2017-05-01 09:10:34,961]|[update_omx_cik.to_cik]|[INFO]|[tickers.symbol.cat]|ticker to cik
[2017-05-01 09:19:45,858]|[update_omx_cik.to_cik]|[INFO]|[tickers.symbol.cat]|ticker to cik
[2017-05-01 09:20:40,517]|[update_omx_cik.to_cik]|[INFO]|[tickers.symbol.cat]|ticker to cik
[2017-05-01 09:22:49,138]|[update_omx_cik.to_cik]|[INFO]|[tickers.symbol.cat]|ticker to cik
[2017-05-01 09:23:11,945]|[update_omx_cik.to_cik]|[INFO]|{'_id': '371754', '_type': 'article', '_index': 'ernest_omx_cat', '_op_type': 'update', 'doc': {'__meta__': {'sym': {'match_attempted': True, 'max_date': '2017-03-13', 'cik': '0001158463', 'sic': '4512', 'ticker': 'JBLU', 'name': 'JETBLUE AIRWAYS CORP'}}}}
[2017-05-01 09:23:24,367]|[update_omx_cik.to_cik]|[INFO]|{'_id': '371764', '_type': 'article', '_index': 'ernest_omx_cat', '_op_type': 'update', 'doc': {'__meta__': {'sym': {'match_attempted': True, 'max_date': '2016-10-01', 'cik': '0000888504', 'sic': '1700', 'ticker': 'LAYN', 'name': 'LAYNE CHRISTENSEN CO'}}}}
[2017-05-01 09:23:31,094]|[update_omx_cik.to_cik]|[INFO]|{'_id': '70699', '_type': 'article', '_index': 'ernest_omx_cat', '_op_type': 'update', 'doc': {'__meta__': {'sym': {'match_attempted': True}}}}
[2017-05-01 09:23:36,989]|[update_omx_cik.to_cik]|[INFO]|{'_id': '70753', '_type': 'article', '_index': 'ernest_omx_cat', '_op_type': 'update', 'doc': {'__meta__': {'sym': {'match_attempted': True}}}}
[2017-05-01 09:23:45,361]|[update_omx_cik.to_cik]|[INFO]|{'_id': '70717', '_type': 'article', '_index': 'ernest_omx_cat', '_op_type': 'update', 'doc': {'__meta__': {'sym': {'match_attempted': True}}}}
[2017-05-01 09:23:51,788]|[update_omx_cik.to_cik]|[INFO]|{'_id': '70741', '_type': 'article', '_index': 'ernest_omx_cat', '_op_type': 'update', 'doc': {'__meta__': {'sym': {'match_attempted': True, 'max_date': '2011-03-23', 'cik': '0001430960', 'sic': '5070', 'ticker': 'FLUG', 'name': 'FLURIDA GROUP INC'}}}}
[2017-05-01 09:23:57,567]|[update_omx_cik.to_cik]|[INFO]|{'_id': '70683', '_type': 'article', '_index': 'ernest_omx_cat', '_op_type': 'update', 'doc': {'__meta__': {'sym': {'match_attempted': True}}}}
[2017-05-01 09:24:04,031]|[update_omx_cik.to_cik]|[INFO]|{'_id': '371805', '_type': 'article', '_index': 'ernest_omx_cat', '_op_type': 'update', 'doc': {'__meta__': {'sym': {'match_attempted': True, 'max_date': '2014-07-01', 'cik': '0001083689', 'sic': '6022', 'ticker': 'SOCB', 'name': 'SOUTHCOAST FINANCIAL CORP'}}}}
[2017-05-01 09:24:10,159]|[update_omx_cik.to_cik]|[INFO]|{'_id': '70626', '_type': 'article', '_index': 'ernest_omx_cat', '_op_type': 'update', 'doc': {'__meta__': {'sym': {'match_attempted': True}}}}
[2017-05-01 09:24:16,850]|[update_omx_cik.to_cik]|[INFO]|{'_id': '70577', '_type': 'article', '_index': 'ernest_omx_cat', '_op_type': 'update', 'doc': {'__meta__': {'sym': {'match_attempted': True}}}}
[2017-05-01 09:24:22,884]|[update_omx_cik.to_cik]|[INFO]|{'_id': '70599', '_type': 'article', '_index': 'ernest_omx_cat', '_op_type': 'update', 'doc': {'__meta__': {'sym': {'match_attempted': True}}}}
[2017-05-01 09:24:22,937]|[update_omx_cik.to_cik]|[INFO]|[TICKERTOCIK]|True|{'update': {'_index': 'ernest_omx_cat', '_type': 'article', '_id': '371754', '_version': 3, '_shards': {'total': 2, 'successful': 2, 'failed': 0}, 'status': 200}}
[2017-05-01 09:24:22,937]|[update_omx_cik.to_cik]|[INFO]|[TICKERTOCIK]|True|{'update': {'_index': 'ernest_omx_cat', '_type': 'article', '_id': '371764', '_version': 3, '_shards': {'total': 2, 'successful': 2, 'failed': 0}, 'status': 200}}
[2017-05-01 09:24:22,938]|[update_omx_cik.to_cik]|[INFO]|[TICKERTOCIK]|True|{'update': {'_index': 'ernest_omx_cat', '_type': 'article', '_id': '70699', '_version': 2, '_shards': {'total': 2, 'successful': 2, 'failed': 0}, 'status': 200}}
[2017-05-01 09:24:22,938]|[update_omx_cik.to_cik]|[INFO]|[TICKERTOCIK]|True|{'update': {'_index': 'ernest_omx_cat', '_type': 'article', '_id': '70753', '_version': 2, '_shards': {'total': 2, 'successful': 2, 'failed': 0}, 'status': 200}}
[2017-05-01 09:24:22,938]|[update_omx_cik.to_cik]|[INFO]|[TICKERTOCIK]|True|{'update': {'_index': 'ernest_omx_cat', '_type': 'article', '_id': '70717', '_version': 2, '_shards': {'total': 2, 'successful': 2, 'failed': 0}, 'status': 200}}
[2017-05-01 09:24:22,938]|[update_omx_cik.to_cik]|[INFO]|[TICKERTOCIK]|True|{'update': {'_index': 'ernest_omx_cat', '_type': 'article', '_id': '70741', '_version': 3, '_shards': {'total': 2, 'successful': 2, 'failed': 0}, 'status': 200}}
[2017-05-01 09:24:22,938]|[update_omx_cik.to_cik]|[INFO]|[TICKERTOCIK]|True|{'update': {'_index': 'ernest_omx_cat', '_type': 'article', '_id': '70683', '_version': 2, '_shards': {'total': 2, 'successful': 2, 'failed': 0}, 'status': 200}}
[2017-05-01 09:24:22,939]|[update_omx_cik.to_cik]|[INFO]|[TICKERTOCIK]|True|{'update': {'_index': 'ernest_omx_cat', '_type': 'article', '_id': '371805', '_version': 3, '_shards': {'total': 2, 'successful': 2, 'failed': 0}, 'status': 200}}
[2017-05-01 09:24:22,939]|[update_omx_cik.to_cik]|[INFO]|[TICKERTOCIK]|True|{'update': {'_index': 'ernest_omx_cat', '_type': 'article', '_id': '70626', '_version': 2, '_shards': {'total': 2, 'successful': 2, 'failed': 0}, 'status': 200}}
[2017-05-01 09:24:22,939]|[update_omx_cik.to_cik]|[INFO]|[TICKERTOCIK]|True|{'update': {'_index': 'ernest_omx_cat', '_type': 'article', '_id': '70577', '_version': 2, '_shards': {'total': 2, 'successful': 2, 'failed': 0}, 'status': 200}}
[2017-05-01 09:24:29,266]|[update_omx_cik.to_cik]|[INFO]|{'_id': '70528', '_type': 'article', '_index': 'ernest_omx_cat', '_op_type': 'update', 'doc': {'__meta__': {'sym': {'match_attempted': True}}}}
[2017-05-01 09:24:35,371]|[update_omx_cik.to_cik]|[INFO]|{'_id': '70531', '_type': 'article', '_index': 'ernest_omx_cat', '_op_type': 'update', 'doc': {'__meta__': {'sym': {'match_attempted': True}}}}
[2017-05-01 09:24:41,851]|[update_omx_cik.to_cik]|[INFO]|{'_id': '70543', '_type': 'article', '_index': 'ernest_omx_cat', '_op_type': 'update', 'doc': {'__meta__': {'sym': {'match_attempted': True}}}}
[2017-05-01 09:24:47,766]|[update_omx_cik.to_cik]|[INFO]|{'_id': '371837', '_type': 'article', '_index': 'ernest_omx_cat', '_op_type': 'update', 'doc': {'__meta__': {'sym': {'match_attempted': True, 'max_date': '2009-01-30', 'cik': '0000027096', 'sic': '3845', 'ticker': 'DSCP', 'name': 'DATASCOPE CORP'}}}}
[2017-05-01 09:24:54,393]|[update_omx_cik.to_cik]|[INFO]|{'_id': '70476', '_type': 'article', '_index': 'ernest_omx_cat', '_op_type': 'update', 'doc': {'__meta__': {'sym': {'match_attempted': True}}}}
[2017-05-01 09:25:05,642]|[update_omx_cik.to_cik]|[INFO]|{'_id': '371840', '_type': 'article', '_index': 'ernest_omx_cat', '_op_type': 'update', 'doc': {'__meta__': {'sym': {'match_attempted': True, 'max_date': '2017-02-28', 'cik': '0000912615', 'sic': '5651', 'ticker': 'URBN', 'name': 'URBAN OUTFITTERS INC'}}}}
[2017-05-01 09:25:13,446]|[update_omx_cik.to_cik]|[INFO]|{'_id': '70391', '_type': 'article', '_index': 'ernest_omx_cat', '_op_type': 'update', 'doc': {'__meta__': {'sym': {'match_attempted': True, 'max_date': '2016-07-07', 'cik': '0001114483', 'sic': '3690', 'ticker': 'GB', 'name': 'INTEGER HOLDINGS CORP'}}}}
[2017-05-01 09:25:19,329]|[update_omx_cik.to_cik]|[INFO]|{'_id': '70398', '_type': 'article', '_index': 'ernest_omx_cat', '_op_type': 'update', 'doc': {'__meta__': {'sym': {'match_attempted': True}}}}
[2017-05-01 09:25:25,995]|[update_omx_cik.to_cik]|[INFO]|{'_id': '70324', '_type': 'article', '_index': 'ernest_omx_cat', '_op_type': 'update', 'doc': {'__meta__': {'sym': {'match_attempted': True}}}}
[2017-05-01 09:25:36,065]|[update_omx_cik.to_cik]|[INFO]|{'_id': '70229', '_type': 'article', '_index': 'ernest_omx_cat', '_op_type': 'update', 'doc': {'__meta__': {'sym': {'match_attempted': True, 'max_date': '2009-02-16', 'cik': '0000740726', 'sic': '7389', 'ticker': 'BRIN', 'name': 'BROADCAST INTERNATIONAL INC'}}}}
[2017-05-01 09:25:36,102]|[update_omx_cik.to_cik]|[INFO]|[TICKERTOCIK]|True|{'update': {'_index': 'ernest_omx_cat', '_type': 'article', '_id': '70599', '_version': 2, '_shards': {'total': 2, 'successful': 2, 'failed': 0}, 'status': 200}}
[2017-05-01 09:25:36,102]|[update_omx_cik.to_cik]|[INFO]|[TICKERTOCIK]|True|{'update': {'_index': 'ernest_omx_cat', '_type': 'article', '_id': '70528', '_version': 2, '_shards': {'total': 2, 'successful': 2, 'failed': 0}, 'status': 200}}
[2017-05-01 09:25:36,102]|[update_omx_cik.to_cik]|[INFO]|[TICKERTOCIK]|True|{'update': {'_index': 'ernest_omx_cat', '_type': 'article', '_id': '70531', '_version': 2, '_shards': {'total': 2, 'successful': 2, 'failed': 0}, 'status': 200}}
[2017-05-01 09:25:36,103]|[update_omx_cik.to_cik]|[INFO]|[TICKERTOCIK]|True|{'update': {'_index': 'ernest_omx_cat', '_type': 'article', '_id': '70543', '_version': 2, '_shards': {'total': 2, 'successful': 2, 'failed': 0}, 'status': 200}}
[2017-05-01 09:25:36,103]|[update_omx_cik.to_cik]|[INFO]|[TICKERTOCIK]|True|{'update': {'_index': 'ernest_omx_cat', '_type': 'article', '_id': '371837', '_version': 3, '_shards': {'total': 2, 'successful': 2, 'failed': 0}, 'status': 200}}
[2017-05-01 09:25:36,103]|[update_omx_cik.to_cik]|[INFO]|[TICKERTOCIK]|True|{'update': {'_index': 'ernest_omx_cat', '_type': 'article', '_id': '70476', '_version': 2, '_shards': {'total': 2, 'successful': 2, 'failed': 0}, 'status': 200}}
[2017-05-01 09:25:36,104]|[update_omx_cik.to_cik]|[INFO]|[TICKERTOCIK]|True|{'update': {'_index': 'ernest_omx_cat', '_type': 'article', '_id': '371840', '_version': 3, '_shards': {'total': 2, 'successful': 2, 'failed': 0}, 'status': 200}}
[2017-05-01 09:25:36,104]|[update_omx_cik.to_cik]|[INFO]|[TICKERTOCIK]|True|{'update': {'_index': 'ernest_omx_cat', '_type': 'article', '_id': '70391', '_version': 3, '_shards': {'total': 2, 'successful': 2, 'failed': 0}, 'status': 200}}
[2017-05-01 09:25:36,104]|[update_omx_cik.to_cik]|[INFO]|[TICKERTOCIK]|True|{'update': {'_index': 'ernest_omx_cat', '_type': 'article', '_id': '70398', '_version': 2, '_shards': {'total': 2, 'successful': 2, 'failed': 0}, 'status': 200}}
[2017-05-01 09:25:36,104]|[update_omx_cik.to_cik]|[INFO]|[TICKERTOCIK]|True|{'update': {'_index': 'ernest_omx_cat', '_type': 'article', '_id': '70324', '_version': 2, '_shards': {'total': 2, 'successful': 2, 'failed': 0}, 'status': 200}}
[2017-05-01 09:25:48,021]|[update_omx_cik.to_cik]|[INFO]|{'_id': '70246', '_type': 'article', '_index': 'ernest_omx_cat', '_op_type': 'update', 'doc': {'__meta__': {'sym': {'match_attempted': True}}}}
[2017-05-01 09:25:54,755]|[update_omx_cik.to_cik]|[INFO]|{'_id': '70268', '_type': 'article', '_index': 'ernest_omx_cat', '_op_type': 'update', 'doc': {'__meta__': {'sym': {'match_attempted': True}}}}
[2017-05-01 09:26:00,673]|[update_omx_cik.to_cik]|[INFO]|{'_id': '70145', '_type': 'article', '_index': 'ernest_omx_cat', '_op_type': 'update', 'doc': {'__meta__': {'sym': {'match_attempted': True}}}}
[2017-05-01 09:26:07,987]|[update_omx_cik.to_cik]|[INFO]|{'_id': '371896', '_type': 'article', '_index': 'ernest_omx_cat', '_op_type': 'update', 'doc': {'__meta__': {'sym': {'match_attempted': True, 'max_date': '2017-03-13', 'cik': '0001017793', 'sic': '6029', 'ticker': 'SNBC', 'name': 'SUN BANCORP INC /NJ/'}}}}
[2017-05-01 09:26:16,305]|[update_omx_cik.to_cik]|[INFO]|{'_id': '371943', '_type': 'article', '_index': 'ernest_omx_cat', '_op_type': 'update', 'doc': {'__meta__': {'sym': {'match_attempted': True, 'max_date': '2017-03-13', 'cik': '0001158463', 'sic': '4512', 'ticker': 'JBLU', 'name': 'JETBLUE AIRWAYS CORP'}}}}
[2017-05-01 09:26:26,486]|[update_omx_cik.to_cik]|[INFO]|{'_id': '371918', '_type': 'article', '_index': 'ernest_omx_cat', '_op_type': 'update', 'doc': {'__meta__': {'sym': {'match_attempted': True, 'max_date': '2008-01-02', 'cik': '0000778165', 'sic': '1000', 'ticker': 'HVGO', 'name': 'ROCK ENERGY RESOURCES, INC.'}}}}
[2017-05-01 09:26:34,140]|[update_omx_cik.to_cik]|[INFO]|{'_id': '70094', '_type': 'article', '_index': 'ernest_omx_cat', '_op_type': 'update', 'doc': {'__meta__': {'sym': {'match_attempted': True, 'max_date': '2017-02-14', 'cik': '0000910322', 'sic': '6035', 'ticker': 'AF', 'name': 'ASTORIA FINANCIAL CORP'}}}}
[2017-05-01 09:26:41,411]|[update_omx_cik.to_cik]|[INFO]|{'_id': '70071', '_type': 'article', '_index': 'ernest_omx_cat', '_op_type': 'update', 'doc': {'__meta__': {'sym': {'match_attempted': True}}}}
[2017-05-01 09:26:48,400]|[update_omx_cik.to_cik]|[INFO]|{'_id': '371990', '_type': 'article', '_index': 'ernest_omx_cat', '_op_type': 'update', 'doc': {'__meta__': {'sym': {'match_attempted': True, 'max_date': '2017-03-01', 'cik': '0000750577', 'sic': '6022', 'ticker': 'HBHC', 'name': 'HANCOCK HOLDING CO'}}}}
[2017-05-01 09:26:55,819]|[update_omx_cik.to_cik]|[INFO]|{'_id': '371946', '_type': 'article', '_index': 'ernest_omx_cat', '_op_type': 'update', 'doc': {'__meta__': {'sym': {'match_attempted': True, 'max_date': '2016-10-21', 'cik': '0000895419', 'sic': '3674', 'ticker': 'CREE', 'name': 'CREE INC'}}}}
[2017-05-01 09:26:55,887]|[update_omx_cik.to_cik]|[INFO]|[TICKERTOCIK]|True|{'update': {'_index': 'ernest_omx_cat', '_type': 'article', '_id': '70229', '_version': 3, '_shards': {'total': 2, 'successful': 2, 'failed': 0}, 'status': 200}}
[2017-05-01 09:26:55,887]|[update_omx_cik.to_cik]|[INFO]|[TICKERTOCIK]|True|{'update': {'_index': 'ernest_omx_cat', '_type': 'article', '_id': '70246', '_version': 2, '_shards': {'total': 2, 'successful': 2, 'failed': 0}, 'status': 200}}
[2017-05-01 09:26:55,887]|[update_omx_cik.to_cik]|[INFO]|[TICKERTOCIK]|True|{'update': {'_index': 'ernest_omx_cat', '_type': 'article', '_id': '70268', '_version': 2, '_shards': {'total': 2, 'successful': 2, 'failed': 0}, 'status': 200}}
[2017-05-01 09:26:55,888]|[update_omx_cik.to_cik]|[INFO]|[TICKERTOCIK]|True|{'update': {'_index': 'ernest_omx_cat', '_type': 'article', '_id': '70145', '_version': 2, '_shards': {'total': 2, 'successful': 2, 'failed': 0}, 'status': 200}}
[2017-05-01 09:26:55,888]|[update_omx_cik.to_cik]|[INFO]|[TICKERTOCIK]|True|{'update': {'_index': 'ernest_omx_cat', '_type': 'article', '_id': '371896', '_version': 3, '_shards': {'total': 2, 'successful': 2, 'failed': 0}, 'status': 200}}
[2017-05-01 09:26:55,888]|[update_omx_cik.to_cik]|[INFO]|[TICKERTOCIK]|True|{'update': {'_index': 'ernest_omx_cat', '_type': 'article', '_id': '371943', '_version': 3, '_shards': {'total': 2, 'successful': 2, 'failed': 0}, 'status': 200}}
[2017-05-01 09:26:55,888]|[update_omx_cik.to_cik]|[INFO]|[TICKERTOCIK]|True|{'update': {'_index': 'ernest_omx_cat', '_type': 'article', '_id': '371918', '_version': 3, '_shards': {'total': 2, 'successful': 2, 'failed': 0}, 'status': 200}}
[2017-05-01 09:26:55,888]|[update_omx_cik.to_cik]|[INFO]|[TICKERTOCIK]|True|{'update': {'_index': 'ernest_omx_cat', '_type': 'article', '_id': '70094', '_version': 3, '_shards': {'total': 2, 'successful': 2, 'failed': 0}, 'status': 200}}
[2017-05-01 09:26:55,889]|[update_omx_cik.to_cik]|[INFO]|[TICKERTOCIK]|True|{'update': {'_index': 'ernest_omx_cat', '_type': 'article', '_id': '70071', '_version': 2, '_shards': {'total': 2, 'successful': 2, 'failed': 0}, 'status': 200}}
[2017-05-01 09:26:55,889]|[update_omx_cik.to_cik]|[INFO]|[TICKERTOCIK]|True|{'update': {'_index': 'ernest_omx_cat', '_type': 'article', '_id': '371990', '_version': 3, '_shards': {'total': 2, 'successful': 2, 'failed': 0}, 'status': 200}}
[2017-05-01 09:27:15,915]|[update_omx_cik.to_cik]|[INFO]|{'_id': '70022', '_type': 'article', '_index': 'ernest_omx_cat', '_op_type': 'update', 'doc': {'__meta__': {'sym': {'match_attempted': True}}}}
[2017-05-01 09:27:20,914]|[update_omx_cik.to_cik]|[INFO]|[tickers.symbol.cat]|ticker to cik
[2017-05-01 09:27:27,538]|[update_omx_cik.to_cik]|[INFO]|0|{'_id': '70699', '_type': 'article', '_index': 'ernest_omx_cat', '_op_type': 'update', 'doc': {'__meta__': {'sym': {'match_attempted': True}}}}
[2017-05-01 09:27:35,385]|[update_omx_cik.to_cik]|[INFO]|1|{'_id': '70753', '_type': 'article', '_index': 'ernest_omx_cat', '_op_type': 'update', 'doc': {'__meta__': {'sym': {'match_attempted': True}}}}
[2017-05-01 09:27:45,112]|[update_omx_cik.to_cik]|[INFO]|2|{'_id': '70717', '_type': 'article', '_index': 'ernest_omx_cat', '_op_type': 'update', 'doc': {'__meta__': {'sym': {'match_attempted': True}}}}
[2017-05-01 09:27:51,896]|[update_omx_cik.to_cik]|[INFO]|3|{'_id': '70683', '_type': 'article', '_index': 'ernest_omx_cat', '_op_type': 'update', 'doc': {'__meta__': {'sym': {'match_attempted': True}}}}
[2017-05-01 09:27:58,762]|[update_omx_cik.to_cik]|[INFO]|4|{'_id': '70626', '_type': 'article', '_index': 'ernest_omx_cat', '_op_type': 'update', 'doc': {'__meta__': {'sym': {'match_attempted': True}}}}
[2017-05-01 09:28:04,957]|[update_omx_cik.to_cik]|[INFO]|5|{'_id': '70577', '_type': 'article', '_index': 'ernest_omx_cat', '_op_type': 'update', 'doc': {'__meta__': {'sym': {'match_attempted': True}}}}
[2017-05-01 09:28:11,927]|[update_omx_cik.to_cik]|[INFO]|6|{'_id': '70599', '_type': 'article', '_index': 'ernest_omx_cat', '_op_type': 'update', 'doc': {'__meta__': {'sym': {'match_attempted': True}}}}
[2017-05-01 09:28:18,798]|[update_omx_cik.to_cik]|[INFO]|7|{'_id': '70528', '_type': 'article', '_index': 'ernest_omx_cat', '_op_type': 'update', 'doc': {'__meta__': {'sym': {'match_attempted': True}}}}
[2017-05-01 09:28:24,861]|[update_omx_cik.to_cik]|[INFO]|8|{'_id': '70531', '_type': 'article', '_index': 'ernest_omx_cat', '_op_type': 'update', 'doc': {'__meta__': {'sym': {'match_attempted': True}}}}
[2017-05-01 09:28:36,669]|[update_omx_cik.to_cik]|[INFO]|9|{'_id': '70543', '_type': 'article', '_index': 'ernest_omx_cat', '_op_type': 'update', 'doc': {'__meta__': {'sym': {'match_attempted': True}}}}
[2017-05-01 09:28:42,679]|[update_omx_cik.to_cik]|[INFO]|10|{'_id': '70476', '_type': 'article', '_index': 'ernest_omx_cat', '_op_type': 'update', 'doc': {'__meta__': {'sym': {'match_attempted': True}}}}
[2017-05-01 09:28:42,726]|[update_omx_cik.to_cik]|[INFO]|[TICKERTOCIK]|True|{'update': {'_index': 'ernest_omx_cat', '_type': 'article', '_id': '70699', '_version': 2, '_shards': {'total': 2, 'successful': 2, 'failed': 0}, 'status': 200}}
[2017-05-01 09:28:42,726]|[update_omx_cik.to_cik]|[INFO]|[TICKERTOCIK]|True|{'update': {'_index': 'ernest_omx_cat', '_type': 'article', '_id': '70753', '_version': 2, '_shards': {'total': 2, 'successful': 2, 'failed': 0}, 'status': 200}}
[2017-05-01 09:28:42,727]|[update_omx_cik.to_cik]|[INFO]|[TICKERTOCIK]|True|{'update': {'_index': 'ernest_omx_cat', '_type': 'article', '_id': '70717', '_version': 2, '_shards': {'total': 2, 'successful': 2, 'failed': 0}, 'status': 200}}
[2017-05-01 09:28:42,727]|[update_omx_cik.to_cik]|[INFO]|[TICKERTOCIK]|True|{'update': {'_index': 'ernest_omx_cat', '_type': 'article', '_id': '70683', '_version': 2, '_shards': {'total': 2, 'successful': 2, 'failed': 0}, 'status': 200}}
[2017-05-01 09:28:42,727]|[update_omx_cik.to_cik]|[INFO]|[TICKERTOCIK]|True|{'update': {'_index': 'ernest_omx_cat', '_type': 'article', '_id': '70626', '_version': 2, '_shards': {'total': 2, 'successful': 2, 'failed': 0}, 'status': 200}}
[2017-05-01 09:28:42,727]|[update_omx_cik.to_cik]|[INFO]|[TICKERTOCIK]|True|{'update': {'_index': 'ernest_omx_cat', '_type': 'article', '_id': '70577', '_version': 2, '_shards': {'total': 2, 'successful': 2, 'failed': 0}, 'status': 200}}
[2017-05-01 09:28:42,728]|[update_omx_cik.to_cik]|[INFO]|[TICKERTOCIK]|True|{'update': {'_index': 'ernest_omx_cat', '_type': 'article', '_id': '70599', '_version': 2, '_shards': {'total': 2, 'successful': 2, 'failed': 0}, 'status': 200}}
[2017-05-01 09:28:42,728]|[update_omx_cik.to_cik]|[INFO]|[TICKERTOCIK]|True|{'update': {'_index': 'ernest_omx_cat', '_type': 'article', '_id': '70528', '_version': 2, '_shards': {'total': 2, 'successful': 2, 'failed': 0}, 'status': 200}}
[2017-05-01 09:28:42,728]|[update_omx_cik.to_cik]|[INFO]|[TICKERTOCIK]|True|{'update': {'_index': 'ernest_omx_cat', '_type': 'article', '_id': '70531', '_version': 2, '_shards': {'total': 2, 'successful': 2, 'failed': 0}, 'status': 200}}
[2017-05-01 09:28:42,728]|[update_omx_cik.to_cik]|[INFO]|[TICKERTOCIK]|True|{'update': {'_index': 'ernest_omx_cat', '_type': 'article', '_id': '70543', '_version': 2, '_shards': {'total': 2, 'successful': 2, 'failed': 0}, 'status': 200}}
[2017-05-01 09:28:50,048]|[update_omx_cik.to_cik]|[INFO]|11|{'_id': '70398', '_type': 'article', '_index': 'ernest_omx_cat', '_op_type': 'update', 'doc': {'__meta__': {'sym': {'match_attempted': True}}}}
[2017-05-01 09:28:56,166]|[update_omx_cik.to_cik]|[INFO]|12|{'_id': '70324', '_type': 'article', '_index': 'ernest_omx_cat', '_op_type': 'update', 'doc': {'__meta__': {'sym': {'match_attempted': True}}}}
[2017-05-01 09:29:03,180]|[update_omx_cik.to_cik]|[INFO]|13|{'_id': '70246', '_type': 'article', '_index': 'ernest_omx_cat', '_op_type': 'update', 'doc': {'__meta__': {'sym': {'match_attempted': True}}}}
[2017-05-01 09:29:09,762]|[update_omx_cik.to_cik]|[INFO]|14|{'_id': '70268', '_type': 'article', '_index': 'ernest_omx_cat', '_op_type': 'update', 'doc': {'__meta__': {'sym': {'match_attempted': True}}}}
[2017-05-01 09:29:15,873]|[update_omx_cik.to_cik]|[INFO]|15|{'_id': '70145', '_type': 'article', '_index': 'ernest_omx_cat', '_op_type': 'update', 'doc': {'__meta__': {'sym': {'match_attempted': True}}}}
[2017-05-01 09:29:27,453]|[update_omx_cik.to_cik]|[INFO]|16|{'_id': '70071', '_type': 'article', '_index': 'ernest_omx_cat', '_op_type': 'update', 'doc': {'__meta__': {'sym': {'match_attempted': True}}}}
[2017-05-01 09:29:33,231]|[update_omx_cik.to_cik]|[INFO]|17|{'_id': '371946', '_type': 'article', '_index': 'ernest_omx_cat', '_op_type': 'update', 'doc': {'__meta__': {'sym': {'match_attempted': True, 'max_date': '2016-10-21', 'cik': '0000895419', 'sic': '3674', 'ticker': 'CREE', 'name': 'CREE INC'}}}}
[2017-05-01 09:29:40,169]|[update_omx_cik.to_cik]|[INFO]|18|{'_id': '70022', '_type': 'article', '_index': 'ernest_omx_cat', '_op_type': 'update', 'doc': {'__meta__': {'sym': {'match_attempted': True}}}}
[2017-05-01 09:29:50,421]|[update_omx_cik.to_cik]|[INFO]|19|{'_id': '372007', '_type': 'article', '_index': 'ernest_omx_cat', '_op_type': 'update', 'doc': {'__meta__': {'sym': {'match_attempted': True, 'max_date': '2012-02-22', 'cik': '0001065034', 'sic': '7372', 'ticker': 'LAVA', 'name': 'MAGMA DESIGN AUTOMATION INC'}}}}
[2017-05-01 09:29:56,080]|[update_omx_cik.to_cik]|[INFO]|20|{'_id': '69962', '_type': 'article', '_index': 'ernest_omx_cat', '_op_type': 'update', 'doc': {'__meta__': {'sym': {'match_attempted': True}}}}
[2017-05-01 09:29:56,128]|[update_omx_cik.to_cik]|[INFO]|[TICKERTOCIK]|True|{'update': {'_index': 'ernest_omx_cat', '_type': 'article', '_id': '70476', '_version': 2, '_shards': {'total': 2, 'successful': 2, 'failed': 0}, 'status': 200}}
[2017-05-01 09:29:56,129]|[update_omx_cik.to_cik]|[INFO]|[TICKERTOCIK]|True|{'update': {'_index': 'ernest_omx_cat', '_type': 'article', '_id': '70398', '_version': 2, '_shards': {'total': 2, 'successful': 2, 'failed': 0}, 'status': 200}}
[2017-05-01 09:29:56,129]|[update_omx_cik.to_cik]|[INFO]|[TICKERTOCIK]|True|{'update': {'_index': 'ernest_omx_cat', '_type': 'article', '_id': '70324', '_version': 2, '_shards': {'total': 2, 'successful': 2, 'failed': 0}, 'status': 200}}
[2017-05-01 09:29:56,129]|[update_omx_cik.to_cik]|[INFO]|[TICKERTOCIK]|True|{'update': {'_index': 'ernest_omx_cat', '_type': 'article', '_id': '70246', '_version': 2, '_shards': {'total': 2, 'successful': 2, 'failed': 0}, 'status': 200}}
[2017-05-01 09:29:56,130]|[update_omx_cik.to_cik]|[INFO]|[TICKERTOCIK]|True|{'update': {'_index': 'ernest_omx_cat', '_type': 'article', '_id': '70268', '_version': 2, '_shards': {'total': 2, 'successful': 2, 'failed': 0}, 'status': 200}}
[2017-05-01 09:29:56,130]|[update_omx_cik.to_cik]|[INFO]|[TICKERTOCIK]|True|{'update': {'_index': 'ernest_omx_cat', '_type': 'article', '_id': '70145', '_version': 2, '_shards': {'total': 2, 'successful': 2, 'failed': 0}, 'status': 200}}
[2017-05-01 09:29:56,130]|[update_omx_cik.to_cik]|[INFO]|[TICKERTOCIK]|True|{'update': {'_index': 'ernest_omx_cat', '_type': 'article', '_id': '70071', '_version': 2, '_shards': {'total': 2, 'successful': 2, 'failed': 0}, 'status': 200}}
[2017-05-01 09:29:56,130]|[update_omx_cik.to_cik]|[INFO]|[TICKERTOCIK]|True|{'update': {'_index': 'ernest_omx_cat', '_type': 'article', '_id': '371946', '_version': 3, '_shards': {'total': 2, 'successful': 2, 'failed': 0}, 'status': 200}}
[2017-05-01 09:29:56,131]|[update_omx_cik.to_cik]|[INFO]|[TICKERTOCIK]|True|{'update': {'_index': 'ernest_omx_cat', '_type': 'article', '_id': '70022', '_version': 2, '_shards': {'total': 2, 'successful': 2, 'failed': 0}, 'status': 200}}
[2017-05-01 09:29:56,131]|[update_omx_cik.to_cik]|[INFO]|[TICKERTOCIK]|True|{'update': {'_index': 'ernest_omx_cat', '_type': 'article', '_id': '372007', '_version': 3, '_shards': {'total': 2, 'successful': 2, 'failed': 0}, 'status': 200}}
[2017-05-01 09:30:02,733]|[update_omx_cik.to_cik]|[INFO]|21|{'_id': '70003', '_type': 'article', '_index': 'ernest_omx_cat', '_op_type': 'update', 'doc': {'__meta__': {'sym': {'match_attempted': True, 'max_date': '2017-02-24', 'cik': '0000816761', 'sic': '3571', 'ticker': 'TDC', 'name': 'TERADATA CORP /DE/'}}}}
[2017-05-01 09:30:08,477]|[update_omx_cik.to_cik]|[INFO]|22|{'_id': '69970', '_type': 'article', '_index': 'ernest_omx_cat', '_op_type': 'update', 'doc': {'__meta__': {'sym': {'match_attempted': True}}}}
[2017-05-01 09:30:14,263]|[update_omx_cik.to_cik]|[INFO]|23|{'_id': '69960', '_type': 'article', '_index': 'ernest_omx_cat', '_op_type': 'update', 'doc': {'__meta__': {'sym': {'match_attempted': True}}}}
[2017-05-01 09:30:20,369]|[update_omx_cik.to_cik]|[INFO]|24|{'_id': '69875', '_type': 'article', '_index': 'ernest_omx_cat', '_op_type': 'update', 'doc': {'__meta__': {'sym': {'match_attempted': True}}}}
[2017-05-01 09:30:25,881]|[update_omx_cik.to_cik]|[INFO]|25|{'_id': '69873', '_type': 'article', '_index': 'ernest_omx_cat', '_op_type': 'update', 'doc': {'__meta__': {'sym': {'match_attempted': True, 'max_date': '2017-03-14', 'cik': '0001158172', 'sic': '7389', 'ticker': 'SCOR', 'name': 'COMSCORE, INC.'}}}}
[2017-05-01 09:30:31,747]|[update_omx_cik.to_cik]|[INFO]|26|{'_id': '69870', '_type': 'article', '_index': 'ernest_omx_cat', '_op_type': 'update', 'doc': {'__meta__': {'sym': {'match_attempted': True}}}}
[2017-05-01 09:30:37,626]|[update_omx_cik.to_cik]|[INFO]|27|{'_id': '372055', '_type': 'article', '_index': 'ernest_omx_cat', '_op_type': 'update', 'doc': {'__meta__': {'sym': {'match_attempted': True, 'max_date': '2013-08-20', 'cik': '0001298978', 'sic': '7310', 'ticker': 'LEDR', 'name': 'MARKET LEADER, INC.'}}}}
[2017-05-01 09:30:43,217]|[update_omx_cik.to_cik]|[INFO]|28|{'_id': '69854', '_type': 'article', '_index': 'ernest_omx_cat', '_op_type': 'update', 'doc': {'__meta__': {'sym': {'match_attempted': True}}}}
[2017-05-01 09:30:49,138]|[update_omx_cik.to_cik]|[INFO]|29|{'_id': '69855', '_type': 'article', '_index': 'ernest_omx_cat', '_op_type': 'update', 'doc': {'__meta__': {'sym': {'match_attempted': True}}}}
[2017-05-01 09:30:55,015]|[update_omx_cik.to_cik]|[INFO]|30|{'_id': '89078', '_type': 'article', '_index': 'ernest_omx_cat', '_op_type': 'update', 'doc': {'__meta__': {'sym': {'match_attempted': True}}}}
[2017-05-01 09:30:55,049]|[update_omx_cik.to_cik]|[INFO]|[TICKERTOCIK]|True|{'update': {'_index': 'ernest_omx_cat', '_type': 'article', '_id': '69962', '_version': 2, '_shards': {'total': 2, 'successful': 2, 'failed': 0}, 'status': 200}}
[2017-05-01 09:30:55,049]|[update_omx_cik.to_cik]|[INFO]|[TICKERTOCIK]|True|{'update': {'_index': 'ernest_omx_cat', '_type': 'article', '_id': '70003', '_version': 3, '_shards': {'total': 2, 'successful': 2, 'failed': 0}, 'status': 200}}
[2017-05-01 09:30:55,049]|[update_omx_cik.to_cik]|[INFO]|[TICKERTOCIK]|True|{'update': {'_index': 'ernest_omx_cat', '_type': 'article', '_id': '69970', '_version': 2, '_shards': {'total': 2, 'successful': 2, 'failed': 0}, 'status': 200}}
[2017-05-01 09:30:55,049]|[update_omx_cik.to_cik]|[INFO]|[TICKERTOCIK]|True|{'update': {'_index': 'ernest_omx_cat', '_type': 'article', '_id': '69960', '_version': 2, '_shards': {'total': 2, 'successful': 2, 'failed': 0}, 'status': 200}}
[2017-05-01 09:30:55,050]|[update_omx_cik.to_cik]|[INFO]|[TICKERTOCIK]|True|{'update': {'_index': 'ernest_omx_cat', '_type': 'article', '_id': '69875', '_version': 2, '_shards': {'total': 2, 'successful': 2, 'failed': 0}, 'status': 200}}
[2017-05-01 09:30:55,050]|[update_omx_cik.to_cik]|[INFO]|[TICKERTOCIK]|True|{'update': {'_index': 'ernest_omx_cat', '_type': 'article', '_id': '69873', '_version': 3, '_shards': {'total': 2, 'successful': 2, 'failed': 0}, 'status': 200}}
[2017-05-01 09:30:55,050]|[update_omx_cik.to_cik]|[INFO]|[TICKERTOCIK]|True|{'update': {'_index': 'ernest_omx_cat', '_type': 'article', '_id': '69870', '_version': 2, '_shards': {'total': 2, 'successful': 2, 'failed': 0}, 'status': 200}}
[2017-05-01 09:30:55,050]|[update_omx_cik.to_cik]|[INFO]|[TICKERTOCIK]|True|{'update': {'_index': 'ernest_omx_cat', '_type': 'article', '_id': '372055', '_version': 3, '_shards': {'total': 2, 'successful': 2, 'failed': 0}, 'status': 200}}
[2017-05-01 09:30:55,051]|[update_omx_cik.to_cik]|[INFO]|[TICKERTOCIK]|True|{'update': {'_index': 'ernest_omx_cat', '_type': 'article', '_id': '69854', '_version': 2, '_shards': {'total': 2, 'successful': 2, 'failed': 0}, 'status': 200}}
[2017-05-01 09:30:55,051]|[update_omx_cik.to_cik]|[INFO]|[TICKERTOCIK]|True|{'update': {'_index': 'ernest_omx_cat', '_type': 'article', '_id': '69855', '_version': 2, '_shards': {'total': 2, 'successful': 2, 'failed': 0}, 'status': 200}}
[2017-05-01 09:31:01,513]|[update_omx_cik.to_cik]|[INFO]|31|{'_id': '364051', '_type': 'article', '_index': 'ernest_omx_cat', '_op_type': 'update', 'doc': {'__meta__': {'sym': {'match_attempted': True, 'max_date': '2017-03-14', 'cik': '0001322439', 'sic': '4412', 'ticker': 'EGLE', 'name': 'EAGLE BULK SHIPPING INC.'}}}}
[2017-05-01 09:31:10,340]|[update_omx_cik.to_cik]|[INFO]|32|{'_id': '88979', '_type': 'article', '_index': 'ernest_omx_cat', '_op_type': 'update', 'doc': {'__meta__': {'sym': {'match_attempted': True}}}}
[2017-05-01 09:31:22,285]|[update_omx_cik.to_cik]|[INFO]|33|{'_id': '89057', '_type': 'article', '_index': 'ernest_omx_cat', '_op_type': 'update', 'doc': {'__meta__': {'sym': {'match_attempted': True}}}}
[2017-05-01 09:31:27,690]|[update_omx_cik.to_cik]|[INFO]|34|{'_id': '364117', '_type': 'article', '_index': 'ernest_omx_cat', '_op_type': 'update', 'doc': {'__meta__': {'sym': {'match_attempted': True, 'max_date': '2009-10-08', 'cik': '0001312206', 'sic': '4991', 'ticker': 'MMCE', 'name': 'MMC ENERGY, INC.'}}}}
[2017-05-01 09:31:33,363]|[update_omx_cik.to_cik]|[INFO]|35|{'_id': '88973', '_type': 'article', '_index': 'ernest_omx_cat', '_op_type': 'update', 'doc': {'__meta__': {'sym': {'match_attempted': True}}}}
[2017-05-01 09:31:38,796]|[update_omx_cik.to_cik]|[INFO]|36|{'_id': '364075', '_type': 'article', '_index': 'ernest_omx_cat', '_op_type': 'update', 'doc': {'__meta__': {'sym': {'match_attempted': True, 'max_date': '2017-03-14', 'cik': '0001120193', 'sic': '6200', 'ticker': 'NDAQ', 'name': 'NASDAQ, INC.'}}}}
[2017-05-01 09:31:46,029]|[update_omx_cik.to_cik]|[INFO]|37|{'_id': '185504', '_type': 'article', '_index': 'ernest_omx_cat', '_op_type': 'update', 'doc': {'__meta__': {'sym': {'match_attempted': True}}}}
